2025-04-16 11:28:27.298 [main] INFO  com.example.demo.DemoApplication - Starting DemoApplication using Java 21.0.6 with PID 3956 (D:\workspace\spring\demo\target\classes started by James in D:\workspace\spring\demo)
2025-04-16 11:28:27.301 [main] DEBUG com.example.demo.DemoApplication - Running with Spring Boot v3.4.4, Spring v6.2.5
2025-04-16 11:28:27.302 [main] INFO  com.example.demo.DemoApplication - No active profile set, falling back to 1 default profile: "default"
2025-04-16 11:28:28.266 [main] INFO  o.s.d.r.c.RepositoryConfigurationDelegate - Bootstrapping Spring Data JPA repositories in DEFAULT mode.
2025-04-16 11:28:28.356 [main] INFO  o.s.d.r.c.RepositoryConfigurationDelegate - Finished Spring Data repository scanning in 72 ms. Found 2 JPA repository interfaces.
2025-04-16 11:28:29.457 [main] INFO  o.s.b.w.e.tomcat.TomcatWebServer - Tomcat initialized with port 8080 (http)
2025-04-16 11:28:29.481 [main] INFO  o.a.catalina.core.StandardService - Starting service [Tomcat]
2025-04-16 11:28:29.484 [main] INFO  o.a.catalina.core.StandardEngine - Starting Servlet engine: [Apache Tomcat/10.1.39]
2025-04-16 11:28:29.586 [main] INFO  o.a.c.c.C.[Tomcat].[localhost].[/] - Initializing Spring embedded WebApplicationContext
2025-04-16 11:28:29.587 [main] INFO  o.s.b.w.s.c.ServletWebServerApplicationContext - Root WebApplicationContext: initialization completed in 2234 ms
2025-04-16 11:28:30.347 [main] INFO  o.s.o.j.p.SpringPersistenceUnitInfo - No LoadTimeWeaver setup: ignoring JPA class transformer
2025-04-16 11:28:30.393 [main] INFO  com.zaxxer.hikari.HikariDataSource - HikariPool-1 - Starting...
2025-04-16 11:28:30.595 [main] INFO  com.zaxxer.hikari.pool.HikariPool - HikariPool-1 - Added connection com.mysql.cj.jdbc.ConnectionImpl@6630dd28
2025-04-16 11:28:30.598 [main] INFO  com.zaxxer.hikari.HikariDataSource - HikariPool-1 - Start completed.
2025-04-16 11:28:31.249 [main] INFO  o.s.o.j.LocalContainerEntityManagerFactoryBean - Initialized JPA EntityManagerFactory for persistence unit 'default'
2025-04-16 11:28:31.640 [main] WARN  o.s.b.a.o.j.JpaBaseConfiguration$JpaWebConfiguration - spring.jpa.open-in-view is enabled by default. Therefore, database queries may be performed during view rendering. Explicitly configure spring.jpa.open-in-view to disable this warning
2025-04-16 11:28:31.658 [main] WARN  o.s.b.a.s.s.UserDetailsServiceAutoConfiguration - 

Using generated security password: e883656a-989c-4c40-9a5f-bffe1c6db21d

This generated password is for development use only. Your security configuration must be updated before running your application in production.

2025-04-16 11:28:31.686 [main] INFO  o.s.s.c.a.a.c.InitializeUserDetailsBeanManagerConfigurer$InitializeUserDetailsManagerConfigurer - Global AuthenticationManager configured with UserDetailsService bean with name inMemoryUserDetailsManager
2025-04-16 11:28:31.801 [main] INFO  o.s.b.a.w.s.WelcomePageHandlerMapping - Adding welcome page: class path resource [static/index.html]
2025-04-16 11:28:32.716 [main] INFO  o.s.b.w.e.tomcat.TomcatWebServer - Tomcat started on port 8080 (http) with context path '/'
2025-04-16 11:28:32.727 [main] INFO  com.example.demo.DemoApplication - Started DemoApplication in 5.961 seconds (process running for 6.334)
2025-04-16 11:28:38.084 [http-nio-8080-exec-1] INFO  o.a.c.c.C.[Tomcat].[localhost].[/] - Initializing Spring DispatcherServlet 'dispatcherServlet'
2025-04-16 11:28:38.085 [http-nio-8080-exec-1] INFO  o.s.web.servlet.DispatcherServlet - Initializing Servlet 'dispatcherServlet'
2025-04-16 11:28:38.087 [http-nio-8080-exec-1] INFO  o.s.web.servlet.DispatcherServlet - Completed initialization in 1 ms
2025-04-16 11:28:38.813 [http-nio-8080-exec-2] INFO  c.e.demo.aspect.TaskLoggingAspect - 执行方法: findAllTasks 参数: []
2025-04-16 11:28:38.944 [http-nio-8080-exec-2] INFO  c.e.demo.aspect.TaskLoggingAspect - 方法 findAllTasks 执行完成，返回结果: [Task{id=1, title='完成Spring Boot项目', description='实现任务管理系统的基本功能', dueDate=2023-12-31, status=IN_PROGRESS}, Task{id=2, title='张杰的任务', description='去完成护照的检查', dueDate=2025-04-16, status=IN_PROGRESS}, Task{id=3, title='test', description='测试日志编码是否修改成功', dueDate=2025-04-16, status=NOT_STARTED}, Task{id=4, title='再次测试tttttttttt', description='日志的编码显示是否正常了这次', dueDate=2025-04-20, status=NOT_STARTED}]
