2025-04-17 23:03:52.194 [main] INFO  com.example.demo.DemoApplication - Starting DemoApplication using Java 17.0.7 with PID 6104 (D:\workspace\spring\demo\target\classes started by James in D:\workspace\spring\demo)
2025-04-17 23:03:52.201 [main] DEBUG com.example.demo.DemoApplication - Running with Spring Boot v3.4.4, Spring v6.2.5
2025-04-17 23:03:52.203 [main] INFO  com.example.demo.DemoApplication - No active profile set, falling back to 1 default profile: "default"
2025-04-17 23:03:53.687 [main] INFO  o.s.d.r.c.RepositoryConfigurationDelegate - Bootstrapping Spring Data JPA repositories in DEFAULT mode.
2025-04-17 23:03:53.855 [main] INFO  o.s.d.r.c.RepositoryConfigurationDelegate - Finished Spring Data repository scanning in 148 ms. Found 2 JPA repository interfaces.
2025-04-17 23:03:55.945 [main] INFO  o.s.b.w.e.tomcat.TomcatWebServer - Tomcat initialized with port 8080 (http)
2025-04-17 23:03:55.975 [main] INFO  o.a.coyote.http11.Http11NioProtocol - Initializing ProtocolHandler ["http-nio-8080"]
2025-04-17 23:03:55.979 [main] INFO  o.a.catalina.core.StandardService - Starting service [Tomcat]
2025-04-17 23:03:55.980 [main] INFO  o.a.catalina.core.StandardEngine - Starting Servlet engine: [Apache Tomcat/10.1.39]
2025-04-17 23:03:56.130 [main] INFO  o.a.c.c.C.[Tomcat].[localhost].[/] - Initializing Spring embedded WebApplicationContext
2025-04-17 23:03:56.134 [main] INFO  o.s.b.w.s.c.ServletWebServerApplicationContext - Root WebApplicationContext: initialization completed in 3868 ms
2025-04-17 23:03:58.010 [main] INFO  o.s.o.j.p.SpringPersistenceUnitInfo - No LoadTimeWeaver setup: ignoring JPA class transformer
2025-04-17 23:03:58.120 [main] INFO  com.zaxxer.hikari.HikariDataSource - HikariPool-1 - Starting...
2025-04-17 23:03:58.420 [main] INFO  com.zaxxer.hikari.pool.HikariPool - HikariPool-1 - Added connection com.mysql.cj.jdbc.ConnectionImpl@6921cfa
2025-04-17 23:03:58.423 [main] INFO  com.zaxxer.hikari.HikariDataSource - HikariPool-1 - Start completed.
2025-04-17 23:03:59.946 [main] INFO  o.s.o.j.LocalContainerEntityManagerFactoryBean - Initialized JPA EntityManagerFactory for persistence unit 'default'
2025-04-17 23:04:01.446 [main] WARN  o.s.b.a.o.j.JpaBaseConfiguration$JpaWebConfiguration - spring.jpa.open-in-view is enabled by default. Therefore, database queries may be performed during view rendering. Explicitly configure spring.jpa.open-in-view to disable this warning
2025-04-17 23:04:01.587 [main] INFO  o.s.s.c.a.a.c.InitializeUserDetailsBeanManagerConfigurer$InitializeUserDetailsManagerConfigurer - Global AuthenticationManager configured with UserDetailsService bean with name customUserDetailsService
2025-04-17 23:04:01.910 [main] INFO  o.s.b.a.w.s.WelcomePageHandlerMapping - Adding welcome page: class path resource [static/index.html]
2025-04-17 23:04:03.402 [main] INFO  o.a.coyote.http11.Http11NioProtocol - Starting ProtocolHandler ["http-nio-8080"]
2025-04-17 23:04:03.475 [main] INFO  o.s.b.w.e.tomcat.TomcatWebServer - Tomcat started on port 8080 (http) with context path '/'
2025-04-17 23:04:03.502 [main] INFO  com.example.demo.DemoApplication - Started DemoApplication in 11.855 seconds (process running for 12.223)
2025-04-17 23:04:11.160 [http-nio-8080-exec-1] INFO  o.a.c.c.C.[Tomcat].[localhost].[/] - Initializing Spring DispatcherServlet 'dispatcherServlet'
2025-04-17 23:04:11.161 [http-nio-8080-exec-1] INFO  o.s.web.servlet.DispatcherServlet - Initializing Servlet 'dispatcherServlet'
2025-04-17 23:04:11.162 [http-nio-8080-exec-1] INFO  o.s.web.servlet.DispatcherServlet - Completed initialization in 1 ms
2025-04-17 23:04:21.286 [http-nio-8080-exec-5] INFO  c.e.demo.aspect.TaskLoggingAspect - 执行方法: findAllTasks 参数: []
2025-04-17 23:04:21.372 [http-nio-8080-exec-5] INFO  c.e.demo.aspect.TaskLoggingAspect - 方法 findAllTasks 执行完成，返回结果: [Task{id=1, title='完成Spring Boot项目', description='实现任务管理系统的基本功能', dueDate=2023-12-31, status=IN_PROGRESS}, Task{id=2, title='张杰的任务', description='去完成护照的检查', dueDate=2025-04-16, status=IN_PROGRESS}, Task{id=4, title='再次测试tttttttttt', description='日志的编码显示是否正常了这次', dueDate=2025-04-20, status=NOT_STARTED}, Task{id=5, title='0416taskzj', description='测试修改日志编码是否成功第三次', dueDate=2025-04-18, status=NOT_STARTED}, Task{id=6, title='我的新任务11', description='查看手机上的待完成项目', dueDate=null, status=IN_PROGRESS}, Task{id=7, title='睡觉', description='正准备去', dueDate=null, status=NOT_STARTED}]
2025-04-17 23:08:28.642 [main] INFO  com.example.demo.DemoApplication - Starting DemoApplication using Java 17.0.7 with PID 42040 (D:\workspace\spring\demo\target\classes started by James in D:\workspace\spring\demo)
2025-04-17 23:08:28.647 [main] DEBUG com.example.demo.DemoApplication - Running with Spring Boot v3.4.4, Spring v6.2.5
2025-04-17 23:08:28.648 [main] INFO  com.example.demo.DemoApplication - No active profile set, falling back to 1 default profile: "default"
2025-04-17 23:08:29.995 [main] INFO  o.s.d.r.c.RepositoryConfigurationDelegate - Bootstrapping Spring Data JPA repositories in DEFAULT mode.
2025-04-17 23:08:30.085 [main] INFO  o.s.d.r.c.RepositoryConfigurationDelegate - Finished Spring Data repository scanning in 77 ms. Found 2 JPA repository interfaces.
2025-04-17 23:08:31.523 [main] INFO  o.s.b.w.e.tomcat.TomcatWebServer - Tomcat initialized with port 8080 (http)
2025-04-17 23:08:31.551 [main] INFO  o.a.coyote.http11.Http11NioProtocol - Initializing ProtocolHandler ["http-nio-8080"]
2025-04-17 23:08:31.558 [main] INFO  o.a.catalina.core.StandardService - Starting service [Tomcat]
2025-04-17 23:08:31.559 [main] INFO  o.a.catalina.core.StandardEngine - Starting Servlet engine: [Apache Tomcat/10.1.39]
2025-04-17 23:08:31.857 [main] INFO  o.a.c.c.C.[Tomcat].[localhost].[/] - Initializing Spring embedded WebApplicationContext
2025-04-17 23:08:31.860 [main] INFO  o.s.b.w.s.c.ServletWebServerApplicationContext - Root WebApplicationContext: initialization completed in 3127 ms
2025-04-17 23:08:33.515 [main] INFO  o.s.o.j.p.SpringPersistenceUnitInfo - No LoadTimeWeaver setup: ignoring JPA class transformer
2025-04-17 23:08:33.599 [main] INFO  com.zaxxer.hikari.HikariDataSource - HikariPool-1 - Starting...
2025-04-17 23:08:34.038 [main] INFO  com.zaxxer.hikari.pool.HikariPool - HikariPool-1 - Added connection com.mysql.cj.jdbc.ConnectionImpl@49e0b123
2025-04-17 23:08:34.044 [main] INFO  com.zaxxer.hikari.HikariDataSource - HikariPool-1 - Start completed.
2025-04-17 23:08:34.067 [main] ERROR o.s.o.j.LocalContainerEntityManagerFactoryBean - Failed to initialize JPA EntityManagerFactory: Unable to create requested service [org.hibernate.engine.jdbc.env.spi.JdbcEnvironment] due to: Unable to resolve name [org.hibernate.dialect.MySQL5Dialect] as strategy [org.hibernate.dialect.Dialect]
2025-04-17 23:08:34.068 [main] WARN  o.s.b.w.s.c.AnnotationConfigServletWebServerApplicationContext - Exception encountered during context initialization - cancelling refresh attempt: org.springframework.beans.factory.BeanCreationException: Error creating bean with name 'entityManagerFactory' defined in class path resource [org/springframework/boot/autoconfigure/orm/jpa/HibernateJpaConfiguration.class]: Unable to create requested service [org.hibernate.engine.jdbc.env.spi.JdbcEnvironment] due to: Unable to resolve name [org.hibernate.dialect.MySQL5Dialect] as strategy [org.hibernate.dialect.Dialect]
2025-04-17 23:08:34.069 [main] INFO  com.zaxxer.hikari.HikariDataSource - HikariPool-1 - Shutdown initiated...
2025-04-17 23:08:34.085 [main] INFO  com.zaxxer.hikari.HikariDataSource - HikariPool-1 - Shutdown completed.
2025-04-17 23:08:34.090 [main] INFO  o.a.catalina.core.StandardService - Stopping service [Tomcat]
2025-04-17 23:08:34.111 [main] INFO  o.s.b.a.l.ConditionEvaluationReportLogger - 

Error starting ApplicationContext. To display the condition evaluation report re-run your application with 'debug' enabled.
2025-04-17 23:08:34.156 [main] ERROR o.s.boot.SpringApplication - Application run failed
org.springframework.beans.factory.BeanCreationException: Error creating bean with name 'entityManagerFactory' defined in class path resource [org/springframework/boot/autoconfigure/orm/jpa/HibernateJpaConfiguration.class]: Unable to create requested service [org.hibernate.engine.jdbc.env.spi.JdbcEnvironment] due to: Unable to resolve name [org.hibernate.dialect.MySQL5Dialect] as strategy [org.hibernate.dialect.Dialect]
	at org.springframework.beans.factory.support.AbstractAutowireCapableBeanFactory.initializeBean(AbstractAutowireCapableBeanFactory.java:1812)
	at org.springframework.beans.factory.support.AbstractAutowireCapableBeanFactory.doCreateBean(AbstractAutowireCapableBeanFactory.java:601)
	at org.springframework.beans.factory.support.AbstractAutowireCapableBeanFactory.createBean(AbstractAutowireCapableBeanFactory.java:523)
	at org.springframework.beans.factory.support.AbstractBeanFactory.lambda$doGetBean$0(AbstractBeanFactory.java:339)
	at org.springframework.beans.factory.support.DefaultSingletonBeanRegistry.getSingleton(DefaultSingletonBeanRegistry.java:347)
	at org.springframework.beans.factory.support.AbstractBeanFactory.doGetBean(AbstractBeanFactory.java:337)
	at org.springframework.beans.factory.support.AbstractBeanFactory.getBean(AbstractBeanFactory.java:207)
	at org.springframework.context.support.AbstractApplicationContext.finishBeanFactoryInitialization(AbstractApplicationContext.java:970)
	at org.springframework.context.support.AbstractApplicationContext.refresh(AbstractApplicationContext.java:627)
	at org.springframework.boot.web.servlet.context.ServletWebServerApplicationContext.refresh(ServletWebServerApplicationContext.java:146)
	at org.springframework.boot.SpringApplication.refresh(SpringApplication.java:752)
	at org.springframework.boot.SpringApplication.refreshContext(SpringApplication.java:439)
	at org.springframework.boot.SpringApplication.run(SpringApplication.java:318)
	at org.springframework.boot.SpringApplication.run(SpringApplication.java:1361)
	at org.springframework.boot.SpringApplication.run(SpringApplication.java:1350)
	at com.example.demo.DemoApplication.main(DemoApplication.java:24)
Caused by: org.hibernate.service.spi.ServiceException: Unable to create requested service [org.hibernate.engine.jdbc.env.spi.JdbcEnvironment] due to: Unable to resolve name [org.hibernate.dialect.MySQL5Dialect] as strategy [org.hibernate.dialect.Dialect]
	at org.hibernate.service.internal.AbstractServiceRegistryImpl.createService(AbstractServiceRegistryImpl.java:276)
	at org.hibernate.service.internal.AbstractServiceRegistryImpl.initializeService(AbstractServiceRegistryImpl.java:238)
	at org.hibernate.service.internal.AbstractServiceRegistryImpl.getService(AbstractServiceRegistryImpl.java:215)
	at org.hibernate.boot.model.relational.Database.<init>(Database.java:45)
	at org.hibernate.boot.internal.InFlightMetadataCollectorImpl.getDatabase(InFlightMetadataCollectorImpl.java:226)
	at org.hibernate.boot.internal.InFlightMetadataCollectorImpl.<init>(InFlightMetadataCollectorImpl.java:194)
	at org.hibernate.boot.model.process.spi.MetadataBuildingProcess.complete(MetadataBuildingProcess.java:171)
	at org.hibernate.jpa.boot.internal.EntityManagerFactoryBuilderImpl.metadata(EntityManagerFactoryBuilderImpl.java:1442)
	at org.hibernate.jpa.boot.internal.EntityManagerFactoryBuilderImpl.build(EntityManagerFactoryBuilderImpl.java:1513)
	at org.springframework.orm.jpa.vendor.SpringHibernateJpaPersistenceProvider.createContainerEntityManagerFactory(SpringHibernateJpaPersistenceProvider.java:66)
	at org.springframework.orm.jpa.LocalContainerEntityManagerFactoryBean.createNativeEntityManagerFactory(LocalContainerEntityManagerFactoryBean.java:390)
	at org.springframework.orm.jpa.AbstractEntityManagerFactoryBean.buildNativeEntityManagerFactory(AbstractEntityManagerFactoryBean.java:419)
	at org.springframework.orm.jpa.AbstractEntityManagerFactoryBean.afterPropertiesSet(AbstractEntityManagerFactoryBean.java:400)
	at org.springframework.orm.jpa.LocalContainerEntityManagerFactoryBean.afterPropertiesSet(LocalContainerEntityManagerFactoryBean.java:366)
	at org.springframework.beans.factory.support.AbstractAutowireCapableBeanFactory.invokeInitMethods(AbstractAutowireCapableBeanFactory.java:1859)
	at org.springframework.beans.factory.support.AbstractAutowireCapableBeanFactory.initializeBean(AbstractAutowireCapableBeanFactory.java:1808)
	... 15 common frames omitted
Caused by: org.hibernate.boot.registry.selector.spi.StrategySelectionException: Unable to resolve name [org.hibernate.dialect.MySQL5Dialect] as strategy [org.hibernate.dialect.Dialect]
	at org.hibernate.boot.registry.selector.internal.StrategySelectorImpl.selectStrategyImplementor(StrategySelectorImpl.java:154)
	at org.hibernate.boot.registry.selector.internal.StrategySelectorImpl.resolveStrategy(StrategySelectorImpl.java:236)
	at org.hibernate.boot.registry.selector.internal.StrategySelectorImpl.resolveStrategy(StrategySelectorImpl.java:189)
	at org.hibernate.engine.jdbc.dialect.internal.DialectFactoryImpl.constructDialect(DialectFactoryImpl.java:123)
	at org.hibernate.engine.jdbc.dialect.internal.DialectFactoryImpl.buildDialect(DialectFactoryImpl.java:88)
	at org.hibernate.engine.jdbc.env.internal.JdbcEnvironmentInitiator.getJdbcEnvironmentWithDefaults(JdbcEnvironmentInitiator.java:181)
	at org.hibernate.engine.jdbc.env.internal.JdbcEnvironmentInitiator.getJdbcEnvironmentUsingJdbcMetadata(JdbcEnvironmentInitiator.java:392)
	at org.hibernate.engine.jdbc.env.internal.JdbcEnvironmentInitiator.initiateService(JdbcEnvironmentInitiator.java:129)
	at org.hibernate.engine.jdbc.env.internal.JdbcEnvironmentInitiator.initiateService(JdbcEnvironmentInitiator.java:81)
	at org.hibernate.boot.registry.internal.StandardServiceRegistryImpl.initiateService(StandardServiceRegistryImpl.java:130)
	at org.hibernate.service.internal.AbstractServiceRegistryImpl.createService(AbstractServiceRegistryImpl.java:263)
	... 30 common frames omitted
Caused by: org.hibernate.boot.registry.classloading.spi.ClassLoadingException: Unable to load class [org.hibernate.dialect.MySQL5Dialect]
	at org.hibernate.boot.registry.classloading.internal.ClassLoaderServiceImpl.classForName(ClassLoaderServiceImpl.java:126)
	at org.hibernate.boot.registry.selector.internal.StrategySelectorImpl.selectStrategyImplementor(StrategySelectorImpl.java:150)
	... 40 common frames omitted
Caused by: java.lang.ClassNotFoundException: Could not load requested class : org.hibernate.dialect.MySQL5Dialect
	at org.hibernate.boot.registry.classloading.internal.AggregatedClassLoader.findClass(AggregatedClassLoader.java:216)
	at java.base/java.lang.ClassLoader.loadClass(ClassLoader.java:587)
	at java.base/java.lang.ClassLoader.loadClass(ClassLoader.java:520)
	at java.base/java.lang.Class.forName0(Native Method)
	at java.base/java.lang.Class.forName(Class.java:467)
	at org.hibernate.boot.registry.classloading.internal.ClassLoaderServiceImpl.classForName(ClassLoaderServiceImpl.java:123)
	... 41 common frames omitted
Caused by: java.lang.Throwable: null
	at org.hibernate.boot.registry.classloading.internal.AggregatedClassLoader.findClass(AggregatedClassLoader.java:209)
	... 46 common frames omitted
	Suppressed: java.lang.ClassNotFoundException: org.hibernate.dialect.MySQL5Dialect
		at java.base/jdk.internal.loader.BuiltinClassLoader.loadClass(BuiltinClassLoader.java:641)
		at java.base/jdk.internal.loader.ClassLoaders$AppClassLoader.loadClass(ClassLoaders.java:188)
		at java.base/java.lang.ClassLoader.loadClass(ClassLoader.java:520)
		at org.hibernate.boot.registry.classloading.internal.AggregatedClassLoader.findClass(AggregatedClassLoader.java:206)
		... 46 common frames omitted
	Suppressed: java.lang.ClassNotFoundException: org.hibernate.dialect.MySQL5Dialect
		at java.base/jdk.internal.loader.BuiltinClassLoader.loadClass(BuiltinClassLoader.java:641)
		at java.base/jdk.internal.loader.ClassLoaders$AppClassLoader.loadClass(ClassLoaders.java:188)
		at java.base/java.lang.ClassLoader.loadClass(ClassLoader.java:520)
		at org.hibernate.boot.registry.classloading.internal.AggregatedClassLoader.findClass(AggregatedClassLoader.java:206)
		... 46 common frames omitted
	Suppressed: java.lang.ClassNotFoundException: org.hibernate.dialect.MySQL5Dialect
		at java.base/jdk.internal.loader.BuiltinClassLoader.loadClass(BuiltinClassLoader.java:641)
		at java.base/jdk.internal.loader.ClassLoaders$AppClassLoader.loadClass(ClassLoaders.java:188)
		at java.base/java.lang.ClassLoader.loadClass(ClassLoader.java:520)
		at org.hibernate.boot.registry.classloading.internal.AggregatedClassLoader.findClass(AggregatedClassLoader.java:206)
		... 46 common frames omitted
2025-04-17 23:08:58.644 [main] INFO  com.example.demo.DemoApplication - Starting DemoApplication using Java 17.0.7 with PID 29924 (D:\workspace\spring\demo\target\classes started by James in D:\workspace\spring\demo)
2025-04-17 23:08:58.646 [main] DEBUG com.example.demo.DemoApplication - Running with Spring Boot v3.4.4, Spring v6.2.5
2025-04-17 23:08:58.647 [main] INFO  com.example.demo.DemoApplication - No active profile set, falling back to 1 default profile: "default"
2025-04-17 23:08:59.752 [main] INFO  o.s.d.r.c.RepositoryConfigurationDelegate - Bootstrapping Spring Data JPA repositories in DEFAULT mode.
2025-04-17 23:08:59.886 [main] INFO  o.s.d.r.c.RepositoryConfigurationDelegate - Finished Spring Data repository scanning in 119 ms. Found 2 JPA repository interfaces.
2025-04-17 23:09:01.390 [main] INFO  o.s.b.w.e.tomcat.TomcatWebServer - Tomcat initialized with port 8080 (http)
2025-04-17 23:09:01.405 [main] INFO  o.a.coyote.http11.Http11NioProtocol - Initializing ProtocolHandler ["http-nio-8080"]
2025-04-17 23:09:01.409 [main] INFO  o.a.catalina.core.StandardService - Starting service [Tomcat]
2025-04-17 23:09:01.410 [main] INFO  o.a.catalina.core.StandardEngine - Starting Servlet engine: [Apache Tomcat/10.1.39]
2025-04-17 23:09:01.520 [main] INFO  o.a.c.c.C.[Tomcat].[localhost].[/] - Initializing Spring embedded WebApplicationContext
2025-04-17 23:09:01.523 [main] INFO  o.s.b.w.s.c.ServletWebServerApplicationContext - Root WebApplicationContext: initialization completed in 2814 ms
2025-04-17 23:09:02.711 [main] INFO  o.s.o.j.p.SpringPersistenceUnitInfo - No LoadTimeWeaver setup: ignoring JPA class transformer
2025-04-17 23:09:02.795 [main] INFO  com.zaxxer.hikari.HikariDataSource - HikariPool-1 - Starting...
2025-04-17 23:09:03.129 [main] INFO  com.zaxxer.hikari.pool.HikariPool - HikariPool-1 - Added connection com.mysql.cj.jdbc.ConnectionImpl@523abba9
2025-04-17 23:09:03.133 [main] INFO  com.zaxxer.hikari.HikariDataSource - HikariPool-1 - Start completed.
2025-04-17 23:09:04.252 [main] INFO  o.s.o.j.LocalContainerEntityManagerFactoryBean - Initialized JPA EntityManagerFactory for persistence unit 'default'
2025-04-17 23:09:04.941 [main] WARN  o.s.b.a.o.j.JpaBaseConfiguration$JpaWebConfiguration - spring.jpa.open-in-view is enabled by default. Therefore, database queries may be performed during view rendering. Explicitly configure spring.jpa.open-in-view to disable this warning
2025-04-17 23:09:04.986 [main] INFO  o.s.s.c.a.a.c.InitializeUserDetailsBeanManagerConfigurer$InitializeUserDetailsManagerConfigurer - Global AuthenticationManager configured with UserDetailsService bean with name customUserDetailsService
2025-04-17 23:09:05.230 [main] INFO  o.s.b.a.w.s.WelcomePageHandlerMapping - Adding welcome page: class path resource [static/index.html]
2025-04-17 23:09:07.154 [main] INFO  o.a.coyote.http11.Http11NioProtocol - Starting ProtocolHandler ["http-nio-8080"]
2025-04-17 23:09:07.207 [main] INFO  o.s.b.w.e.tomcat.TomcatWebServer - Tomcat started on port 8080 (http) with context path '/'
2025-04-17 23:09:07.226 [main] INFO  com.example.demo.DemoApplication - Started DemoApplication in 9.13 seconds (process running for 9.484)
2025-04-17 23:09:10.555 [http-nio-8080-exec-2] INFO  o.a.c.c.C.[Tomcat].[localhost].[/] - Initializing Spring DispatcherServlet 'dispatcherServlet'
2025-04-17 23:09:10.555 [http-nio-8080-exec-2] INFO  o.s.web.servlet.DispatcherServlet - Initializing Servlet 'dispatcherServlet'
2025-04-17 23:09:10.558 [http-nio-8080-exec-2] INFO  o.s.web.servlet.DispatcherServlet - Completed initialization in 2 ms
2025-04-17 23:09:17.327 [http-nio-8080-exec-6] INFO  c.e.demo.aspect.TaskLoggingAspect - 执行方法: findAllTasks 参数: []
2025-04-17 23:09:17.398 [http-nio-8080-exec-6] INFO  c.e.demo.aspect.TaskLoggingAspect - 方法 findAllTasks 执行完成，返回结果: [Task{id=1, title='完成Spring Boot项目', description='实现任务管理系统的基本功能', dueDate=2023-12-31, status=IN_PROGRESS}, Task{id=2, title='张杰的任务', description='去完成护照的检查', dueDate=2025-04-16, status=IN_PROGRESS}, Task{id=4, title='再次测试tttttttttt', description='日志的编码显示是否正常了这次', dueDate=2025-04-20, status=NOT_STARTED}, Task{id=5, title='0416taskzj', description='测试修改日志编码是否成功第三次', dueDate=2025-04-18, status=NOT_STARTED}, Task{id=6, title='我的新任务11', description='查看手机上的待完成项目', dueDate=null, status=IN_PROGRESS}, Task{id=7, title='睡觉', description='正准备去', dueDate=null, status=NOT_STARTED}]
2025-04-17 23:18:38.538 [http-nio-8080-exec-1] INFO  c.e.demo.aspect.TaskLoggingAspect - 执行方法: findAllTasks 参数: []
2025-04-17 23:18:38.572 [http-nio-8080-exec-1] WARN  com.zaxxer.hikari.pool.PoolBase - HikariPool-1 - Failed to validate connection com.mysql.cj.jdbc.ConnectionImpl@523abba9 (No operations allowed after connection closed.). Possibly consider using a shorter maxLifetime value.
2025-04-17 23:18:38.578 [http-nio-8080-exec-1] WARN  com.zaxxer.hikari.pool.PoolBase - HikariPool-1 - Failed to validate connection com.mysql.cj.jdbc.ConnectionImpl@47bdaa8a (No operations allowed after connection closed.). Possibly consider using a shorter maxLifetime value.
2025-04-17 23:18:38.580 [http-nio-8080-exec-1] WARN  com.zaxxer.hikari.pool.PoolBase - HikariPool-1 - Failed to validate connection com.mysql.cj.jdbc.ConnectionImpl@2f68beb9 (No operations allowed after connection closed.). Possibly consider using a shorter maxLifetime value.
2025-04-17 23:18:38.582 [http-nio-8080-exec-1] WARN  com.zaxxer.hikari.pool.PoolBase - HikariPool-1 - Failed to validate connection com.mysql.cj.jdbc.ConnectionImpl@1fabd35b (No operations allowed after connection closed.). Possibly consider using a shorter maxLifetime value.
2025-04-17 23:18:38.585 [http-nio-8080-exec-1] WARN  com.zaxxer.hikari.pool.PoolBase - HikariPool-1 - Failed to validate connection com.mysql.cj.jdbc.ConnectionImpl@5000da46 (No operations allowed after connection closed.). Possibly consider using a shorter maxLifetime value.
2025-04-17 23:18:38.587 [http-nio-8080-exec-1] WARN  com.zaxxer.hikari.pool.PoolBase - HikariPool-1 - Failed to validate connection com.mysql.cj.jdbc.ConnectionImpl@7a43c336 (No operations allowed after connection closed.). Possibly consider using a shorter maxLifetime value.
2025-04-17 23:18:38.590 [http-nio-8080-exec-1] WARN  com.zaxxer.hikari.pool.PoolBase - HikariPool-1 - Failed to validate connection com.mysql.cj.jdbc.ConnectionImpl@103437b1 (No operations allowed after connection closed.). Possibly consider using a shorter maxLifetime value.
2025-04-17 23:18:38.593 [http-nio-8080-exec-1] WARN  com.zaxxer.hikari.pool.PoolBase - HikariPool-1 - Failed to validate connection com.mysql.cj.jdbc.ConnectionImpl@51c40fe7 (No operations allowed after connection closed.). Possibly consider using a shorter maxLifetime value.
2025-04-17 23:18:38.596 [http-nio-8080-exec-1] WARN  com.zaxxer.hikari.pool.PoolBase - HikariPool-1 - Failed to validate connection com.mysql.cj.jdbc.ConnectionImpl@7402d73 (No operations allowed after connection closed.). Possibly consider using a shorter maxLifetime value.
2025-04-17 23:18:38.600 [http-nio-8080-exec-1] WARN  com.zaxxer.hikari.pool.PoolBase - HikariPool-1 - Failed to validate connection com.mysql.cj.jdbc.ConnectionImpl@63fe14de (No operations allowed after connection closed.). Possibly consider using a shorter maxLifetime value.
2025-04-17 23:18:38.626 [http-nio-8080-exec-1] INFO  c.e.demo.aspect.TaskLoggingAspect - 方法 findAllTasks 执行完成，返回结果: [Task{id=1, title='完成Spring Boot项目', description='实现任务管理系统的基本功能', dueDate=2023-12-31, status=IN_PROGRESS}, Task{id=2, title='张杰的任务', description='去完成护照的检查', dueDate=2025-04-16, status=IN_PROGRESS}, Task{id=4, title='再次测试tttttttttt', description='日志的编码显示是否正常了这次', dueDate=2025-04-20, status=NOT_STARTED}, Task{id=5, title='0416taskzj', description='测试修改日志编码是否成功第三次', dueDate=2025-04-18, status=NOT_STARTED}, Task{id=6, title='我的新任务11', description='查看手机上的待完成项目', dueDate=null, status=IN_PROGRESS}, Task{id=7, title='睡觉', description='正准备去', dueDate=null, status=NOT_STARTED}]
2025-04-17 23:18:52.824 [http-nio-8080-exec-2] INFO  c.e.demo.aspect.TaskLoggingAspect - 执行方法: findAllTasks 参数: []
2025-04-17 23:18:52.831 [http-nio-8080-exec-2] INFO  c.e.demo.aspect.TaskLoggingAspect - 方法 findAllTasks 执行完成，返回结果: [Task{id=1, title='完成Spring Boot项目', description='实现任务管理系统的基本功能', dueDate=2023-12-31, status=IN_PROGRESS}, Task{id=2, title='张杰的任务', description='去完成护照的检查', dueDate=2025-04-16, status=IN_PROGRESS}, Task{id=4, title='再次测试tttttttttt', description='日志的编码显示是否正常了这次', dueDate=2025-04-20, status=NOT_STARTED}, Task{id=5, title='0416taskzj', description='测试修改日志编码是否成功第三次', dueDate=2025-04-18, status=NOT_STARTED}, Task{id=6, title='我的新任务11', description='查看手机上的待完成项目', dueDate=null, status=IN_PROGRESS}, Task{id=7, title='睡觉', description='正准备去', dueDate=null, status=NOT_STARTED}]
2025-04-17 23:19:10.631 [main] INFO  com.example.demo.DemoApplication - Starting DemoApplication using Java 17.0.7 with PID 28208 (D:\workspace\spring\demo\target\classes started by James in D:\workspace\spring\demo)
2025-04-17 23:19:10.638 [main] DEBUG com.example.demo.DemoApplication - Running with Spring Boot v3.4.4, Spring v6.2.5
2025-04-17 23:19:10.639 [main] INFO  com.example.demo.DemoApplication - No active profile set, falling back to 1 default profile: "default"
2025-04-17 23:19:11.796 [main] INFO  o.s.d.r.c.RepositoryConfigurationDelegate - Bootstrapping Spring Data JPA repositories in DEFAULT mode.
2025-04-17 23:19:11.925 [main] INFO  o.s.d.r.c.RepositoryConfigurationDelegate - Finished Spring Data repository scanning in 113 ms. Found 2 JPA repository interfaces.
2025-04-17 23:19:14.612 [main] INFO  o.s.b.w.e.tomcat.TomcatWebServer - Tomcat initialized with port 8080 (http)
2025-04-17 23:19:14.650 [main] INFO  o.a.coyote.http11.Http11NioProtocol - Initializing ProtocolHandler ["http-nio-8080"]
2025-04-17 23:19:14.656 [main] INFO  o.a.catalina.core.StandardService - Starting service [Tomcat]
2025-04-17 23:19:14.657 [main] INFO  o.a.catalina.core.StandardEngine - Starting Servlet engine: [Apache Tomcat/10.1.39]
2025-04-17 23:19:14.808 [main] INFO  o.a.c.c.C.[Tomcat].[localhost].[/] - Initializing Spring embedded WebApplicationContext
2025-04-17 23:19:14.811 [main] INFO  o.s.b.w.s.c.ServletWebServerApplicationContext - Root WebApplicationContext: initialization completed in 4115 ms
2025-04-17 23:19:16.583 [main] INFO  o.s.o.j.p.SpringPersistenceUnitInfo - No LoadTimeWeaver setup: ignoring JPA class transformer
2025-04-17 23:19:16.652 [main] INFO  com.zaxxer.hikari.HikariDataSource - HikariPool-1 - Starting...
2025-04-17 23:19:17.042 [main] INFO  com.zaxxer.hikari.pool.HikariPool - HikariPool-1 - Added connection com.mysql.cj.jdbc.ConnectionImpl@6921cfa
2025-04-17 23:19:17.047 [main] INFO  com.zaxxer.hikari.HikariDataSource - HikariPool-1 - Start completed.
2025-04-17 23:19:18.660 [main] INFO  o.s.o.j.LocalContainerEntityManagerFactoryBean - Initialized JPA EntityManagerFactory for persistence unit 'default'
2025-04-17 23:19:19.641 [main] WARN  o.s.b.a.o.j.JpaBaseConfiguration$JpaWebConfiguration - spring.jpa.open-in-view is enabled by default. Therefore, database queries may be performed during view rendering. Explicitly configure spring.jpa.open-in-view to disable this warning
2025-04-17 23:19:19.700 [main] INFO  o.s.s.c.a.a.c.InitializeUserDetailsBeanManagerConfigurer$InitializeUserDetailsManagerConfigurer - Global AuthenticationManager configured with UserDetailsService bean with name customUserDetailsService
2025-04-17 23:19:19.914 [main] INFO  o.s.b.a.w.s.WelcomePageHandlerMapping - Adding welcome page: class path resource [static/index.html]
2025-04-17 23:19:22.179 [main] INFO  o.a.coyote.http11.Http11NioProtocol - Starting ProtocolHandler ["http-nio-8080"]
2025-04-17 23:19:22.320 [main] INFO  o.s.b.w.e.tomcat.TomcatWebServer - Tomcat started on port 8080 (http) with context path '/'
2025-04-17 23:19:22.355 [main] INFO  com.example.demo.DemoApplication - Started DemoApplication in 12.237 seconds (process running for 12.594)
2025-04-17 23:19:26.842 [http-nio-8080-exec-1] INFO  o.a.c.c.C.[Tomcat].[localhost].[/] - Initializing Spring DispatcherServlet 'dispatcherServlet'
2025-04-17 23:19:26.843 [http-nio-8080-exec-1] INFO  o.s.web.servlet.DispatcherServlet - Initializing Servlet 'dispatcherServlet'
2025-04-17 23:19:26.845 [http-nio-8080-exec-1] INFO  o.s.web.servlet.DispatcherServlet - Completed initialization in 2 ms
2025-04-17 23:19:27.014 [http-nio-8080-exec-1] WARN  o.a.c.util.SessionIdGeneratorBase - Creation of SecureRandom instance for session ID generation using [SHA1PRNG] took [107] milliseconds.
2025-04-17 23:19:40.737 [http-nio-8080-exec-5] INFO  c.e.demo.aspect.TaskLoggingAspect - 执行方法: findAllTasks 参数: []
2025-04-17 23:19:40.807 [http-nio-8080-exec-5] INFO  c.e.demo.aspect.TaskLoggingAspect - 方法 findAllTasks 执行完成，返回结果: [Task{id=1, title='完成Spring Boot项目', description='实现任务管理系统的基本功能', dueDate=2023-12-31, status=IN_PROGRESS}, Task{id=2, title='张杰的任务', description='去完成护照的检查', dueDate=2025-04-16, status=IN_PROGRESS}, Task{id=4, title='再次测试tttttttttt', description='日志的编码显示是否正常了这次', dueDate=2025-04-20, status=NOT_STARTED}, Task{id=5, title='0416taskzj', description='测试修改日志编码是否成功第三次', dueDate=2025-04-18, status=NOT_STARTED}, Task{id=6, title='我的新任务11', description='查看手机上的待完成项目', dueDate=null, status=IN_PROGRESS}, Task{id=7, title='睡觉', description='正准备去', dueDate=null, status=NOT_STARTED}]
2025-04-17 23:20:14.707 [http-nio-8080-exec-6] INFO  c.e.demo.aspect.TaskLoggingAspect - 执行方法: findTaskById 参数: [5]
2025-04-17 23:20:14.765 [http-nio-8080-exec-6] INFO  c.e.demo.aspect.TaskLoggingAspect - 方法 findTaskById 执行完成，返回结果: Optional[Task{id=5, title='0416taskzj', description='测试修改日志编码是否成功第三次', dueDate=2025-04-18, status=NOT_STARTED}]
2025-04-17 23:20:14.775 [http-nio-8080-exec-6] INFO  c.e.demo.aspect.TaskLoggingAspect - 执行方法: deleteTask 参数: [5]
2025-04-17 23:20:15.115 [http-nio-8080-exec-6] INFO  c.e.demo.aspect.TaskLoggingAspect - 方法 deleteTask 执行完成，返回结果: null
2025-04-17 23:20:15.184 [http-nio-8080-exec-7] INFO  c.e.demo.aspect.TaskLoggingAspect - 执行方法: findAllTasks 参数: []
2025-04-17 23:20:15.212 [http-nio-8080-exec-7] INFO  c.e.demo.aspect.TaskLoggingAspect - 方法 findAllTasks 执行完成，返回结果: [Task{id=1, title='完成Spring Boot项目', description='实现任务管理系统的基本功能', dueDate=2023-12-31, status=IN_PROGRESS}, Task{id=2, title='张杰的任务', description='去完成护照的检查', dueDate=2025-04-16, status=IN_PROGRESS}, Task{id=4, title='再次测试tttttttttt', description='日志的编码显示是否正常了这次', dueDate=2025-04-20, status=NOT_STARTED}, Task{id=6, title='我的新任务11', description='查看手机上的待完成项目', dueDate=null, status=IN_PROGRESS}, Task{id=7, title='睡觉', description='正准备去', dueDate=null, status=NOT_STARTED}]
2025-04-17 23:39:57.792 [main] INFO  com.example.demo.DemoApplication - Starting DemoApplication using Java 17.0.7 with PID 26832 (D:\workspace\spring\demo\target\classes started by James in D:\workspace\spring\demo)
2025-04-17 23:39:57.799 [main] DEBUG com.example.demo.DemoApplication - Running with Spring Boot v3.4.4, Spring v6.2.5
2025-04-17 23:39:57.802 [main] INFO  com.example.demo.DemoApplication - No active profile set, falling back to 1 default profile: "default"
2025-04-17 23:39:59.721 [main] INFO  o.s.d.r.c.RepositoryConfigurationDelegate - Bootstrapping Spring Data JPA repositories in DEFAULT mode.
2025-04-17 23:39:59.892 [main] INFO  o.s.d.r.c.RepositoryConfigurationDelegate - Finished Spring Data repository scanning in 147 ms. Found 2 JPA repository interfaces.
2025-04-17 23:40:02.296 [main] INFO  o.s.b.w.e.tomcat.TomcatWebServer - Tomcat initialized with port 8080 (http)
2025-04-17 23:40:02.320 [main] INFO  o.a.coyote.http11.Http11NioProtocol - Initializing ProtocolHandler ["http-nio-8080"]
2025-04-17 23:40:02.326 [main] INFO  o.a.catalina.core.StandardService - Starting service [Tomcat]
2025-04-17 23:40:02.328 [main] INFO  o.a.catalina.core.StandardEngine - Starting Servlet engine: [Apache Tomcat/10.1.39]
2025-04-17 23:40:02.523 [main] INFO  o.a.c.c.C.[Tomcat].[localhost].[/] - Initializing Spring embedded WebApplicationContext
2025-04-17 23:40:02.525 [main] INFO  o.s.b.w.s.c.ServletWebServerApplicationContext - Root WebApplicationContext: initialization completed in 4628 ms
2025-04-17 23:40:04.258 [main] INFO  o.s.o.j.p.SpringPersistenceUnitInfo - No LoadTimeWeaver setup: ignoring JPA class transformer
2025-04-17 23:40:04.335 [main] INFO  com.zaxxer.hikari.HikariDataSource - HikariPool-1 - Starting...
2025-04-17 23:40:04.644 [main] INFO  com.zaxxer.hikari.pool.HikariPool - HikariPool-1 - Added connection com.mysql.cj.jdbc.ConnectionImpl@44ddb518
2025-04-17 23:40:04.647 [main] INFO  com.zaxxer.hikari.HikariDataSource - HikariPool-1 - Start completed.
2025-04-17 23:40:06.011 [main] INFO  o.s.o.j.LocalContainerEntityManagerFactoryBean - Initialized JPA EntityManagerFactory for persistence unit 'default'
2025-04-17 23:40:06.803 [main] WARN  o.s.b.a.o.j.JpaBaseConfiguration$JpaWebConfiguration - spring.jpa.open-in-view is enabled by default. Therefore, database queries may be performed during view rendering. Explicitly configure spring.jpa.open-in-view to disable this warning
2025-04-17 23:40:06.887 [main] INFO  o.s.s.c.a.a.c.InitializeUserDetailsBeanManagerConfigurer$InitializeUserDetailsManagerConfigurer - Global AuthenticationManager configured with UserDetailsService bean with name customUserDetailsService
2025-04-17 23:40:07.117 [main] INFO  o.s.b.a.w.s.WelcomePageHandlerMapping - Adding welcome page: class path resource [static/index.html]
2025-04-17 23:40:09.452 [main] INFO  o.a.coyote.http11.Http11NioProtocol - Starting ProtocolHandler ["http-nio-8080"]
2025-04-17 23:40:09.505 [main] INFO  o.s.b.w.e.tomcat.TomcatWebServer - Tomcat started on port 8080 (http) with context path '/'
2025-04-17 23:40:09.532 [main] INFO  com.example.demo.DemoApplication - Started DemoApplication in 12.444 seconds (process running for 12.875)
2025-04-17 23:40:25.232 [http-nio-8080-exec-1] INFO  o.a.c.c.C.[Tomcat].[localhost].[/] - Initializing Spring DispatcherServlet 'dispatcherServlet'
2025-04-17 23:40:25.233 [http-nio-8080-exec-1] INFO  o.s.web.servlet.DispatcherServlet - Initializing Servlet 'dispatcherServlet'
2025-04-17 23:40:25.235 [http-nio-8080-exec-1] INFO  o.s.web.servlet.DispatcherServlet - Completed initialization in 1 ms
2025-04-17 23:40:34.939 [http-nio-8080-exec-5] INFO  c.e.demo.aspect.TaskLoggingAspect - 执行方法: findAllTasks 参数: []
2025-04-17 23:40:35.001 [http-nio-8080-exec-5] INFO  c.e.demo.aspect.TaskLoggingAspect - 方法 findAllTasks 执行完成，返回结果: [Task{id=1, title='完成Spring Boot项目', description='实现任务管理系统的基本功能', dueDate=2023-12-31, status=IN_PROGRESS}, Task{id=2, title='张杰的任务', description='去完成护照的检查', dueDate=2025-04-16, status=IN_PROGRESS}, Task{id=4, title='再次测试tttttttttt', description='日志的编码显示是否正常了这次', dueDate=2025-04-20, status=NOT_STARTED}, Task{id=6, title='我的新任务11', description='查看手机上的待完成项目', dueDate=null, status=IN_PROGRESS}, Task{id=7, title='睡觉', description='正准备去', dueDate=null, status=NOT_STARTED}]
2025-04-17 23:40:55.063 [http-nio-8080-exec-6] INFO  c.e.demo.aspect.TaskLoggingAspect - 执行方法: findTaskById 参数: [1]
2025-04-17 23:40:55.081 [http-nio-8080-exec-6] INFO  c.e.demo.aspect.TaskLoggingAspect - 方法 findTaskById 执行完成，返回结果: Optional[Task{id=1, title='完成Spring Boot项目', description='实现任务管理系统的基本功能', dueDate=2023-12-31, status=IN_PROGRESS}]
2025-04-17 23:41:10.732 [http-nio-8080-exec-7] INFO  c.e.demo.aspect.TaskLoggingAspect - 执行方法: findTaskById 参数: [1]
2025-04-17 23:41:10.751 [http-nio-8080-exec-7] INFO  c.e.demo.aspect.TaskLoggingAspect - 方法 findTaskById 执行完成，返回结果: Optional[Task{id=1, title='完成Spring Boot项目', description='实现任务管理系统的基本功能', dueDate=2023-12-31, status=IN_PROGRESS}]
2025-04-17 23:41:10.753 [http-nio-8080-exec-7] INFO  c.e.demo.aspect.TaskLoggingAspect - 执行方法: saveTask 参数: [Task{id=1, title='完成Spring Boot项目', description='实现任务管理系统的基本功能，然后继续深入', dueDate=null, status=IN_PROGRESS}]
2025-04-17 23:41:10.858 [http-nio-8080-exec-7] INFO  c.e.demo.aspect.TaskLoggingAspect - 方法 saveTask 执行完成，返回结果: Task{id=1, title='完成Spring Boot项目', description='实现任务管理系统的基本功能，然后继续深入', dueDate=null, status=IN_PROGRESS}
2025-04-17 23:41:10.930 [http-nio-8080-exec-8] INFO  c.e.demo.aspect.TaskLoggingAspect - 执行方法: findAllTasks 参数: []
2025-04-17 23:41:10.949 [http-nio-8080-exec-8] INFO  c.e.demo.aspect.TaskLoggingAspect - 方法 findAllTasks 执行完成，返回结果: [Task{id=1, title='完成Spring Boot项目', description='实现任务管理系统的基本功能，然后继续深入', dueDate=null, status=IN_PROGRESS}, Task{id=2, title='张杰的任务', description='去完成护照的检查', dueDate=2025-04-16, status=IN_PROGRESS}, Task{id=4, title='再次测试tttttttttt', description='日志的编码显示是否正常了这次', dueDate=2025-04-20, status=NOT_STARTED}, Task{id=6, title='我的新任务11', description='查看手机上的待完成项目', dueDate=null, status=IN_PROGRESS}, Task{id=7, title='睡觉', description='正准备去', dueDate=null, status=NOT_STARTED}]
2025-04-17 23:41:21.995 [http-nio-8080-exec-9] INFO  c.e.demo.aspect.TaskLoggingAspect - 执行方法: findTaskById 参数: [7]
2025-04-17 23:41:22.010 [http-nio-8080-exec-9] INFO  c.e.demo.aspect.TaskLoggingAspect - 方法 findTaskById 执行完成，返回结果: Optional[Task{id=7, title='睡觉', description='正准备去', dueDate=null, status=NOT_STARTED}]
2025-04-17 23:41:24.741 [http-nio-8080-exec-10] INFO  c.e.demo.aspect.TaskLoggingAspect - 执行方法: findTaskById 参数: [7]
2025-04-17 23:41:24.756 [http-nio-8080-exec-10] INFO  c.e.demo.aspect.TaskLoggingAspect - 方法 findTaskById 执行完成，返回结果: Optional[Task{id=7, title='睡觉', description='正准备去', dueDate=null, status=NOT_STARTED}]
2025-04-17 23:41:24.759 [http-nio-8080-exec-10] INFO  c.e.demo.aspect.TaskLoggingAspect - 执行方法: saveTask 参数: [Task{id=7, title='睡觉', description='正准备去', dueDate=null, status=IN_PROGRESS}]
2025-04-17 23:41:24.772 [http-nio-8080-exec-10] INFO  c.e.demo.aspect.TaskLoggingAspect - 方法 saveTask 执行完成，返回结果: Task{id=7, title='睡觉', description='正准备去', dueDate=null, status=IN_PROGRESS}
2025-04-17 23:41:24.819 [http-nio-8080-exec-1] INFO  c.e.demo.aspect.TaskLoggingAspect - 执行方法: findAllTasks 参数: []
2025-04-17 23:41:24.833 [http-nio-8080-exec-1] INFO  c.e.demo.aspect.TaskLoggingAspect - 方法 findAllTasks 执行完成，返回结果: [Task{id=1, title='完成Spring Boot项目', description='实现任务管理系统的基本功能，然后继续深入', dueDate=null, status=IN_PROGRESS}, Task{id=2, title='张杰的任务', description='去完成护照的检查', dueDate=2025-04-16, status=IN_PROGRESS}, Task{id=4, title='再次测试tttttttttt', description='日志的编码显示是否正常了这次', dueDate=2025-04-20, status=NOT_STARTED}, Task{id=6, title='我的新任务11', description='查看手机上的待完成项目', dueDate=null, status=IN_PROGRESS}, Task{id=7, title='睡觉', description='正准备去', dueDate=null, status=IN_PROGRESS}]
